<?xml version="1.0" encoding="UTF-8" standalone="no"?>
<!DOCTYPE log SYSTEM "logger.dtd">
<log>
<record>
  <date>2016-05-13T17:13:59</date>
  <millis>1463152439009</millis>
  <sequence>176</sequence>
  <logger></logger>
  <level>INFO</level>
  <class>java.util.logging.LogManager$RootLogger</class>
  <method>log</method>
  <thread>110</thread>
  <message>Initializing sample store...</message>
</record>
<record>
  <date>2016-05-13T17:13:59</date>
  <millis>1463152439010</millis>
  <sequence>178</sequence>
  <logger></logger>
  <level>INFO</level>
  <class>java.util.logging.LogManager$RootLogger</class>
  <method>log</method>
  <thread>110</thread>
  <message>Initializing json storer...</message>
</record>
<record>
  <date>2016-05-13T17:13:59</date>
  <millis>1463152439158</millis>
  <sequence>180</sequence>
  <logger></logger>
  <level>INFO</level>
  <class>java.util.logging.LogManager$RootLogger</class>
  <method>log</method>
  <thread>110</thread>
  <message>Initializing lucene indexer...</message>
</record>
<record>
  <date>2016-05-13T17:13:59</date>
  <millis>1463152439574</millis>
  <sequence>182</sequence>
  <logger></logger>
  <level>INFO</level>
  <class>java.util.logging.LogManager$RootLogger</class>
  <method>log</method>
  <thread>110</thread>
  <message>Initializing analyzer...</message>
</record>
<record>
  <date>2016-05-13T17:14:45</date>
  <millis>1463152485021</millis>
  <sequence>184</sequence>
  <logger></logger>
  <level>INFO</level>
  <class>java.util.logging.LogManager$RootLogger</class>
  <method>log</method>
  <thread>106</thread>
  <message>Starting a new search...</message>
</record>
<record>
  <date>2016-05-13T17:14:45</date>
  <millis>1463152485034</millis>
  <sequence>186</sequence>
  <logger></logger>
  <level>INFO</level>
  <class>java.util.logging.LogManager$RootLogger</class>
  <method>log</method>
  <thread>106</thread>
  <message>Creating a lucene query...</message>
</record>
<record>
  <date>2016-05-13T17:15:11</date>
  <millis>1463152511774</millis>
  <sequence>188</sequence>
  <logger>javax.enterprise.system.core</logger>
  <level>INFO</level>
  <class>com.sun.enterprise.v3.admin.StopServer</class>
  <method>doExecute</method>
  <thread>119</thread>
  <message>Server shutdown initiated</message>
  <key>NCLS-CORE-00092</key>
  <catalog>org.glassfish.kernel.LogMessages</catalog>
</record>
<record>
  <date>2016-05-13T17:15:11</date>
  <millis>1463152511802</millis>
  <sequence>190</sequence>
  <logger>javax.enterprise.bootstrap</logger>
  <level>INFO</level>
  <class>com.sun.enterprise.glassfish.bootstrap.osgi.EmbeddedOSGiGlassFishImpl</class>
  <method>unregisterService</method>
  <thread>119</thread>
  <message>Unregistered com.sun.enterprise.glassfish.bootstrap.osgi.EmbeddedOSGiGlassFishImpl@6d171ce0 from service registry.</message>
  <key>NCLS-BOOTSTRAP-00028</key>
  <catalog>com.sun.enterprise.glassfish.bootstrap.LogMessages</catalog>
  <param>com.sun.enterprise.glassfish.bootstrap.osgi.EmbeddedOSGiGlassFishImpl@6d171ce0</param>
</record>
<record>
  <date>2016-05-13T17:15:11</date>
  <millis>1463152511814</millis>
  <sequence>193</sequence>
  <level>INFO</level>
  <class>com.sun.common.util.logging.LoggingOutputStream</class>
  <method>log</method>
  <thread>119</thread>
  <message>FileMonitoring shutdown</message>
</record>
<record>
  <date>2016-05-13T17:15:11</date>
  <millis>1463152511814</millis>
  <sequence>192</sequence>
  <logger>javax.enterprise.system.core</logger>
  <level>INFO</level>
  <class>com.sun.enterprise.v3.admin.StopServer</class>
  <method>doExecute</method>
  <thread>120</thread>
  <message>Server shutdown initiated</message>
  <key>NCLS-CORE-00092</key>
  <catalog>org.glassfish.kernel.LogMessages</catalog>
</record>
<record>
  <date>2016-05-13T17:15:11</date>
  <millis>1463152511834</millis>
  <sequence>196</sequence>
  <logger>javax.enterprise.bootstrap</logger>
  <level>WARNING</level>
  <class>com.sun.enterprise.glassfish.bootstrap.LogFacade</class>
  <method>log</method>
  <thread>120</thread>
  <message>Exception while unregistering: </message>
  <key>NCLS-BOOTSTRAP-00029</key>
  <catalog>com.sun.enterprise.glassfish.bootstrap.LogMessages</catalog>
  <param>java.lang.IllegalStateException: Service already unregistered.</param>
  <exception>
    <message>java.lang.IllegalStateException: Service already unregistered.</message>
    <frame>
      <class>org.apache.felix.framework.ServiceRegistrationImpl</class>
      <method>unregister</method>
      <line>123</line>
    </frame>
    <frame>
      <class>com.sun.enterprise.glassfish.bootstrap.osgi.EmbeddedOSGiGlassFishImpl</class>
      <method>unregisterService</method>
      <line>93</line>
    </frame>
    <frame>
      <class>com.sun.enterprise.glassfish.bootstrap.osgi.EmbeddedOSGiGlassFishImpl</class>
      <method>stop</method>
      <line>81</line>
    </frame>
    <frame>
      <class>com.sun.enterprise.v3.admin.StopServer</class>
      <method>doExecute</method>
      <line>78</line>
    </frame>
    <frame>
      <class>com.sun.enterprise.v3.admin.StopDomainCommand</class>
      <method>execute</method>
      <line>96</line>
    </frame>
    <frame>
      <class>com.sun.enterprise.v3.admin.CommandRunnerImpl$2$1</class>
      <method>run</method>
      <line>539</line>
    </frame>
    <frame>
      <class>com.sun.enterprise.v3.admin.CommandRunnerImpl$2$1</class>
      <method>run</method>
      <line>535</line>
    </frame>
    <frame>
      <class>java.security.AccessController</class>
      <method>doPrivileged</method>
    </frame>
    <frame>
      <class>javax.security.auth.Subject</class>
      <method>doAs</method>
      <line>360</line>
    </frame>
    <frame>
      <class>com.sun.enterprise.v3.admin.CommandRunnerImpl$2</class>
      <method>execute</method>
      <line>534</line>
    </frame>
    <frame>
      <class>org.glassfish.api.AsyncImpl$1$1</class>
      <method>run</method>
      <line>76</line>
    </frame>
  </exception>
</record>
<record>
  <date>2016-05-13T17:15:11</date>
  <millis>1463152511864</millis>
  <sequence>198</sequence>
  <logger>javax.enterprise.system.jmx</logger>
  <level>INFO</level>
  <class>org.glassfish.admin.mbeanserver.JMXStartupService$JMXConnectorsStarterThread</class>
  <method>shutdown</method>
  <thread>119</thread>
  <message>JMXStartupService: Stopped JMXConnectorServer: null</message>
  <key>NCLS-JMX-00002</key>
  <catalog>org.glassfish.admin.mbeanserver.LogMessages</catalog>
  <param>???</param>
</record>
<record>
  <date>2016-05-13T17:15:11</date>
  <millis>1463152511865</millis>
  <sequence>200</sequence>
  <logger>javax.enterprise.system.jmx</logger>
  <level>INFO</level>
  <class>org.glassfish.admin.mbeanserver.JMXStartupService</class>
  <method>shutdown</method>
  <thread>119</thread>
  <message>JMXStartupService and JMXConnectors have been shut down.</message>
  <key>NCLS-JMX-00001</key>
  <catalog>org.glassfish.admin.mbeanserver.LogMessages</catalog>
</record>
<record>
  <date>2016-05-13T17:15:12</date>
  <millis>1463152512017</millis>
  <sequence>202</sequence>
  <logger>javax.enterprise.web.core</logger>
  <level>INFO</level>
  <class>org.apache.catalina.session.ManagerBase</class>
  <method>log</method>
  <thread>132</thread>
  <message>Cannot serialize session attribute WELD_S#15 for session aacfa426780ac53630024da0cc1c</message>
  <exception>
    <message>java.io.NotSerializableException: java.util.logging.LogManager$RootLogger</message>
    <frame>
      <class>java.io.ObjectOutputStream</class>
      <method>writeObject0</method>
      <line>1184</line>
    </frame>
    <frame>
      <class>java.io.ObjectOutputStream</class>
      <method>defaultWriteFields</method>
      <line>1548</line>
    </frame>
    <frame>
      <class>java.io.ObjectOutputStream</class>
      <method>writeSerialData</method>
      <line>1509</line>
    </frame>
    <frame>
      <class>java.io.ObjectOutputStream</class>
      <method>writeOrdinaryObject</method>
      <line>1432</line>
    </frame>
    <frame>
      <class>java.io.ObjectOutputStream</class>
      <method>writeObject0</method>
      <line>1178</line>
    </frame>
    <frame>
      <class>java.io.ObjectOutputStream</class>
      <method>defaultWriteFields</method>
      <line>1548</line>
    </frame>
    <frame>
      <class>java.io.ObjectOutputStream</class>
      <method>writeSerialData</method>
      <line>1509</line>
    </frame>
    <frame>
      <class>java.io.ObjectOutputStream</class>
      <method>writeOrdinaryObject</method>
      <line>1432</line>
    </frame>
    <frame>
      <class>java.io.ObjectOutputStream</class>
      <method>writeObject0</method>
      <line>1178</line>
    </frame>
    <frame>
      <class>java.io.ObjectOutputStream</class>
      <method>defaultWriteFields</method>
      <line>1548</line>
    </frame>
    <frame>
      <class>java.io.ObjectOutputStream</class>
      <method>writeSerialData</method>
      <line>1509</line>
    </frame>
    <frame>
      <class>java.io.ObjectOutputStream</class>
      <method>writeOrdinaryObject</method>
      <line>1432</line>
    </frame>
    <frame>
      <class>java.io.ObjectOutputStream</class>
      <method>writeObject0</method>
      <line>1178</line>
    </frame>
    <frame>
      <class>java.io.ObjectOutputStream</class>
      <method>writeObject</method>
      <line>348</line>
    </frame>
    <frame>
      <class>org.apache.catalina.session.StandardSession</class>
      <method>writeObject</method>
      <line>2196</line>
    </frame>
    <frame>
      <class>sun.reflect.NativeMethodAccessorImpl</class>
      <method>invoke0</method>
    </frame>
    <frame>
      <class>sun.reflect.NativeMethodAccessorImpl</class>
      <method>invoke</method>
      <line>62</line>
    </frame>
    <frame>
      <class>sun.reflect.DelegatingMethodAccessorImpl</class>
      <method>invoke</method>
      <line>43</line>
    </frame>
    <frame>
      <class>java.lang.reflect.Method</class>
      <method>invoke</method>
      <line>497</line>
    </frame>
    <frame>
      <class>java.io.ObjectStreamClass</class>
      <method>invokeWriteObject</method>
      <line>988</line>
    </frame>
    <frame>
      <class>java.io.ObjectOutputStream</class>
      <method>writeSerialData</method>
      <line>1496</line>
    </frame>
    <frame>
      <class>java.io.ObjectOutputStream</class>
      <method>writeOrdinaryObject</method>
      <line>1432</line>
    </frame>
    <frame>
      <class>java.io.ObjectOutputStream</class>
      <method>writeObject0</method>
      <line>1178</line>
    </frame>
    <frame>
      <class>java.io.ObjectOutputStream</class>
      <method>writeObject</method>
      <line>348</line>
    </frame>
    <frame>
      <class>org.apache.catalina.session.StandardManager</class>
      <method>writeSessions</method>
      <line>762</line>
    </frame>
    <frame>
      <class>com.sun.enterprise.web.WebModule</class>
      <method>saveSessions</method>
      <line>1730</line>
    </frame>
    <frame>
      <class>com.sun.enterprise.web.WebContainer</class>
      <method>unloadWebModule</method>
      <line>2438</line>
    </frame>
    <frame>
      <class>com.sun.enterprise.web.WebContainer</class>
      <method>unloadWebModule</method>
      <line>2394</line>
    </frame>
    <frame>
      <class>com.sun.enterprise.web.WebApplication</class>
      <method>stop</method>
      <line>190</line>
    </frame>
    <frame>
      <class>org.glassfish.internal.data.EngineRef</class>
      <method>stop</method>
      <line>161</line>
    </frame>
    <frame>
      <class>org.glassfish.internal.data.ModuleInfo</class>
      <method>stop</method>
      <line>324</line>
    </frame>
    <frame>
      <class>org.glassfish.internal.data.ApplicationInfo</class>
      <method>stop</method>
      <line>380</line>
    </frame>
    <frame>
      <class>com.sun.enterprise.v3.server.ApplicationLifecycle</class>
      <method>unload</method>
      <line>1059</line>
    </frame>
    <frame>
      <class>com.sun.enterprise.v3.server.ApplicationLifecycle</class>
      <method>disable</method>
      <line>2128</line>
    </frame>
    <frame>
      <class>com.sun.enterprise.v3.server.ApplicationLifecycle</class>
      <method>disable</method>
      <line>113</line>
    </frame>
    <frame>
      <class>com.sun.enterprise.v3.server.ApplicationLoaderService</class>
      <method>stopApplication</method>
      <line>496</line>
    </frame>
    <frame>
      <class>com.sun.enterprise.v3.server.ApplicationLoaderService</class>
      <method>preDestroy</method>
      <line>464</line>
    </frame>
    <frame>
      <class>org.jvnet.hk2.internal.ClazzCreator</class>
      <method>preDestroyMe</method>
      <line>339</line>
    </frame>
    <frame>
      <class>org.jvnet.hk2.internal.ClazzCreator</class>
      <method>dispose</method>
      <line>404</line>
    </frame>
    <frame>
      <class>org.jvnet.hk2.internal.SystemDescriptor</class>
      <method>dispose</method>
      <line>526</line>
    </frame>
    <frame>
      <class>org.glassfish.hk2.runlevel.internal.AsyncRunLevelContext</class>
      <method>destroyOne</method>
      <line>328</line>
    </frame>
    <frame>
      <class>org.glassfish.hk2.runlevel.RunLevelContext</class>
      <method>destroyOne</method>
      <line>101</line>
    </frame>
    <frame>
      <class>org.jvnet.hk2.internal.ServiceHandleImpl</class>
      <method>destroy</method>
      <line>183</line>
    </frame>
    <frame>
      <class>org.glassfish.hk2.runlevel.internal.CurrentTaskFuture$DownQueueRunner</class>
      <method>run</method>
      <line>1270</line>
    </frame>
    <frame>
      <class>java.util.concurrent.ThreadPoolExecutor</class>
      <method>runWorker</method>
      <line>1142</line>
    </frame>
    <frame>
      <class>java.util.concurrent.ThreadPoolExecutor$Worker</class>
      <method>run</method>
      <line>617</line>
    </frame>
    <frame>
      <class>java.lang.Thread</class>
      <method>run</method>
      <line>745</line>
    </frame>
  </exception>
</record>
<record>
  <date>2016-05-13T17:15:12</date>
  <millis>1463152512063</millis>
  <sequence>204</sequence>
  <logger></logger>
  <level>INFO</level>
  <class>java.util.logging.LogManager$RootLogger</class>
  <method>log</method>
  <thread>132</thread>
  <message>Terminating sample store...</message>
</record>
<record>
  <date>2016-05-13T17:15:12</date>
  <millis>1463152512064</millis>
  <sequence>206</sequence>
  <logger></logger>
  <level>INFO</level>
  <class>java.util.logging.LogManager$RootLogger</class>
  <method>log</method>
  <thread>132</thread>
  <message>Terminating json storer...</message>
</record>
<record>
  <date>2016-05-13T17:15:12</date>
  <millis>1463152512114</millis>
  <sequence>208</sequence>
  <logger></logger>
  <level>INFO</level>
  <class>java.util.logging.LogManager$RootLogger</class>
  <method>log</method>
  <thread>132</thread>
  <message>Terminating lucene indexer...</message>
</record>
<record>
  <date>2016-05-13T17:15:12</date>
  <millis>1463152512114</millis>
  <sequence>210</sequence>
  <logger></logger>
  <level>INFO</level>
  <class>java.util.logging.LogManager$RootLogger</class>
  <method>log</method>
  <thread>132</thread>
  <message>Terminating analyzer...</message>
</record>
<record>
  <date>2016-05-13T17:15:12</date>
  <millis>1463152512259</millis>
  <sequence>212</sequence>
  <logger>org.eclipse.persistence.session./file:/home/jmmeilan/Descargas/Repodroid/RepodroidWeb/build/web/WEB-INF/classes/_repodroidPU.connection</logger>
  <level>INFO</level>
  <thread>132</thread>
  <message>/file:/home/jmmeilan/Descargas/Repodroid/RepodroidWeb/build/web/WEB-INF/classes/_repodroidPU logout successful</message>
</record>
<record>
  <date>2016-05-13T17:15:12</date>
  <millis>1463152512385</millis>
  <sequence>214</sequence>
  <level>INFO</level>
  <class>com.sun.common.util.logging.LoggingOutputStream</class>
  <method>log</method>
  <thread>130</thread>
  <message>JdbcRuntimeExtension,  getAllSystemRAResourcesAndPools = [GlassFishConfigBean.org.glassfish.jdbc.config.JdbcResource, GlassFishConfigBean.org.glassfish.jdbc.config.JdbcResource, GlassFishConfigBean.org.glassfish.jdbc.config.JdbcResource, GlassFishConfigBean.org.glassfish.jdbc.config.JdbcConnectionPool, GlassFishConfigBean.org.glassfish.jdbc.config.JdbcConnectionPool, GlassFishConfigBean.org.glassfish.jdbc.config.JdbcConnectionPool]</message>
</record>
<record>
  <date>2016-05-13T17:15:12</date>
  <millis>1463152512414</millis>
  <sequence>216</sequence>
  <logger>javax.enterprise.resource.resourceadapter.com.sun.enterprise.connectors.service</logger>
  <level>INFO</level>
  <class>com.sun.enterprise.connectors.service.ResourceAdapterAdminServiceImpl</class>
  <method>sendStopToResourceAdapter</method>
  <thread>133</thread>
  <message>RAR7094: __ds_jdbc_ra shutdown successful.</message>
  <key>ra.stop-successful</key>
  <catalog>&lt;null&gt;</catalog>
  <param>__ds_jdbc_ra</param>
</record>
<record>
  <date>2016-05-13T17:15:12</date>
  <millis>1463152512422</millis>
  <sequence>218</sequence>
  <logger>javax.enterprise.system.core</logger>
  <level>INFO</level>
  <class>com.sun.enterprise.v3.server.AppServerStartup</class>
  <method>stop</method>
  <thread>119</thread>
  <message>Shutdown procedure finished</message>
  <key>NCLS-CORE-00013</key>
  <catalog>org.glassfish.kernel.LogMessages</catalog>
</record>
</log>
